android/build/intermediates/manifest_merge_blame_file/release/manifest-merger-blame-release-report.txt
1<?xml version="1.0" encoding="utf-8"?>
2<manifest xmlns:android="http://schemas.android.com/apk/res/android"
3    package="org.araizen.teleril.android"
4    android:versionCode="1"
5    android:versionName="1.0" >
6
7    <uses-sdk
8        android:minSdkVersion="24"
8-->src/main/AndroidManifest.xml
9        android:targetSdkVersion="29" />
9-->src/main/AndroidManifest.xml
10
11    <application
11-->src/main/AndroidManifest.xml:3:5-15:19
12        android:allowBackup="false"
12-->src/main/AndroidManifest.xml:6:13-40
13        android:appComponentFactory="androidx.core.app.CoreComponentFactory"
13-->[androidx.core:core:1.5.0-alpha01] AndroidManifest.xml:24:18-86
14        android:extractNativeLibs="false"
15        android:icon="@drawable/clock_1"
15-->src/main/AndroidManifest.xml:5:13-45
16        android:label="Teleril"
16-->src/main/AndroidManifest.xml:4:13-36
17        android:supportsRtl="true"
17-->src/main/AndroidManifest.xml:7:13-39
18        android:theme="@style/Theme.AppCompat.Light.NoActionBar" >
18-->src/main/AndroidManifest.xml:8:13-69
19        <activity android:name="org.araizen.teleril.android.MainActivity" >
19-->src/main/AndroidManifest.xml:9:13-14:20
19-->src/main/AndroidManifest.xml:9:23-51
20            <intent-filter>
20-->src/main/AndroidManifest.xml:10:13-13:29
21                <action android:name="android.intent.action.MAIN" />
21-->src/main/AndroidManifest.xml:11:17-68
21-->src/main/AndroidManifest.xml:11:25-66
22
23                <category android:name="android.intent.category.LAUNCHER" />
23-->src/main/AndroidManifest.xml:12:17-76
23-->src/main/AndroidManifest.xml:12:27-74
24            </intent-filter>
25        </activity>
26    </application>
27
28</manifest>